Using pre-set license
Built from '2020.2/staging' branch; Version is '2020.2.3f1 (8ff31bc5bf5b) revision 9433883'; Using compiler version '192528614'; Build Type 'Release'
OS: 'Windows 10 Enterprise; OS build 18363.1440; Version 1909; 64bit' Language: 'en' Physical Memory: 16319 MB
BatchMode: 1, IsHumanControllingUs: 0, StartBugReporterOnCrash: 0, Is64bit: 1, IsPro: 0

 COMMAND LINE ARGUMENTS:
C:\Program Files\Unity\Hub\Editor\2020.2.3f1\Editor\Unity.exe
-adb2
-batchMode
-noUpm
-name
AssetImportWorker0
-projectPath
C:/Users/andre/OneDrive/Documents/Computer Science - TUD - Year 4/FYP/VR Anxiety Therapy
-logFile
Logs/AssetImportWorker0.log
-srvPort
59528
Successfully changed project path to: C:/Users/andre/OneDrive/Documents/Computer Science - TUD - Year 4/FYP/VR Anxiety Therapy
C:/Users/andre/OneDrive/Documents/Computer Science - TUD - Year 4/FYP/VR Anxiety Therapy
Using Asset Import Pipeline V2.
Refreshing native plugins compatible for Editor in 72.34 ms, found 3 plugins.
Preloading 1 native plugins for Editor in 1.27 ms.
Initialize engine version: 2020.2.3f1 (8ff31bc5bf5b)
[Subsystems] Discovering subsystems at path C:/Program Files/Unity/Hub/Editor/2020.2.3f1/Editor/Data/Resources/UnitySubsystems
[Subsystems] Discovering subsystems at path C:/Users/andre/OneDrive/Documents/Computer Science - TUD - Year 4/FYP/VR Anxiety Therapy/Assets
GfxDevice: creating device client; threaded=0
Direct3D:
    Version:  Direct3D 11.0 [level 11.1]
    Renderer: NVIDIA GeForce GTX 1660 Ti (ID=0x2182)
    Vendor:   
    VRAM:     5991 MB
    Driver:   27.21.14.6192
Shader 'Universal Render Pipeline/Particles/Lit': fallback shader 'Universal Render Pipeline/Particles/SimpleLit' not found
Initialize mono
Mono path[0] = 'C:/Program Files/Unity/Hub/Editor/2020.2.3f1/Editor/Data/Managed'
Mono path[1] = 'C:/Program Files/Unity/Hub/Editor/2020.2.3f1/Editor/Data/MonoBleedingEdge/lib/mono/unityjit'
Mono config path = 'C:/Program Files/Unity/Hub/Editor/2020.2.3f1/Editor/Data/MonoBleedingEdge/etc'
Using monoOptions --debugger-agent=transport=dt_socket,embedding=1,server=y,suspend=n,address=127.0.0.1:56236
Begin MonoManager ReloadAssembly
Registering precompiled unity dll's ...
Register platform support module: C:/Program Files/Unity/Hub/Editor/2020.2.3f1/Editor/Data/PlaybackEngines/WindowsStandaloneSupport/UnityEditor.WindowsStandalone.Extensions.dll
Registered in 0.008975 seconds.
Native extension for WindowsStandalone target not found
Refreshing native plugins compatible for Editor in 96.97 ms, found 3 plugins.
Preloading 1 native plugins for Editor in 0.11 ms.
Invoked RoslynAnalysisRunner static constructor.
RoslynAnalysisRunner will not be running.
RoslynAnalysisRunner has terminated.
Mono: successfully reloaded assembly
- Completed reload, in  6.579 seconds
Platform modules already initialized, skipping
Registering precompiled user dll's ...
Registered in 0.005585 seconds.
Begin MonoManager ReloadAssembly
Native extension for WindowsStandalone target not found
Refreshing native plugins compatible for Editor in 73.72 ms, found 3 plugins.
Preloading 1 native plugins for Editor in 0.20 ms.
Invoked RoslynAnalysisRunner static constructor.
RoslynAnalysisRunner will not be running.
RoslynAnalysisRunner has terminated.
[XR] OculusXRPlugin: registering subsystems
[XR] Unable to register display lifecyle provider: [1]
[XR] Oculus Input lifecycle provider registered.
[XR] Unable to register input lifecyle provider: [1]
NullReferenceException: Object reference not set to an instance of an object
  at Unity.XR.Oculus.OculusLoader.AssetPathToAbsolutePath (System.String assetPath) [0x00048] in C:\Users\andre\OneDrive\Documents\Computer Science - TUD - Year 4\FYP\VR Anxiety Therapy\Library\PackageCache\com.unity.xr.oculus@1.7.0\Runtime\OculusLoader.cs:243 
  at Unity.XR.Oculus.OculusLoader.EditorLoadOVRPlugin () [0x0007b] in C:\Users\andre\OneDrive\Documents\Computer Science - TUD - Year 4\FYP\VR Anxiety Therapy\Library\PackageCache\com.unity.xr.oculus@1.7.0\Runtime\OculusLoader.cs:228 

(Filename: Library/PackageCache/com.unity.xr.oculus@1.7.0/Runtime/OculusLoader.cs Line: 243)

Mono: successfully reloaded assembly
- Completed reload, in  1.606 seconds
Platform modules already initialized, skipping
========================================================================
Worker process is ready to serve import requests
Shader 'Universal Render Pipeline/Particles/Lit': fallback shader 'Universal Render Pipeline/Particles/SimpleLit' not found
Launched and connected shader compiler UnityShaderCompiler.exe after 0.15 seconds
Refreshing native plugins compatible for Editor in 0.77 ms, found 3 plugins.
Preloading 1 native plugins for Editor in 0.19 ms.
Unloading 3110 Unused Serialized files (Serialized files now loaded: 0)
System memory in use before: 153.9 MB.
System memory in use after: 153.7 MB.

Unloading 16 unused Assets to reduce memory usage. Loaded Objects now: 3579.
Total: 7.039900 ms (FindLiveObjects: 0.717600 ms CreateObjectMapping: 0.350000 ms MarkObjects: 5.578600 ms  DeleteObjects: 0.390800 ms)

========================================================================
Received Import Request.
  path: Assets/C# Scripts/Spawner.cs
  artifactKey: Guid(350e09ff5adce7f41825c2b177ed71f8) Importer(815301076,1909f56bfc062723c751e8b465ee728b)
Start importing Assets/C# Scripts/Spawner.cs using Guid(350e09ff5adce7f41825c2b177ed71f8) Importer(815301076,1909f56bfc062723c751e8b465ee728b)  -> (artifact id: '223db0fadfb751151709cc5ba9f20acc') in 0.073914 seconds
  Import took 0.083714 seconds .

========================================================================
Received Prepare
Registering precompiled user dll's ...
Registered in 0.003543 seconds.
Begin MonoManager ReloadAssembly
Native extension for WindowsStandalone target not found
Refreshing native plugins compatible for Editor in 0.69 ms, found 3 plugins.
Preloading 1 native plugins for Editor in 0.15 ms.
Invoked RoslynAnalysisRunner static constructor.
RoslynAnalysisRunner will not be running.
RoslynAnalysisRunner has terminated.
NullReferenceException: Object reference not set to an instance of an object
  at Unity.XR.Oculus.OculusLoader.AssetPathToAbsolutePath (System.String assetPath) [0x00048] in C:\Users\andre\OneDrive\Documents\Computer Science - TUD - Year 4\FYP\VR Anxiety Therapy\Library\PackageCache\com.unity.xr.oculus@1.7.0\Runtime\OculusLoader.cs:243 
  at Unity.XR.Oculus.OculusLoader.EditorLoadOVRPlugin () [0x0007b] in C:\Users\andre\OneDrive\Documents\Computer Science - TUD - Year 4\FYP\VR Anxiety Therapy\Library\PackageCache\com.unity.xr.oculus@1.7.0\Runtime\OculusLoader.cs:228 

(Filename: Library/PackageCache/com.unity.xr.oculus@1.7.0/Runtime/OculusLoader.cs Line: 243)

Mono: successfully reloaded assembly
- Completed reload, in  0.913 seconds
Platform modules already initialized, skipping
Shader 'Universal Render Pipeline/Particles/Lit': fallback shader 'Universal Render Pipeline/Particles/SimpleLit' not found
Refreshing native plugins compatible for Editor in 0.80 ms, found 3 plugins.
Preloading 1 native plugins for Editor in 0.10 ms.
Unloading 2992 Unused Serialized files (Serialized files now loaded: 0)
System memory in use before: 145.7 MB.
System memory in use after: 145.5 MB.

Unloading 9 unused Assets to reduce memory usage. Loaded Objects now: 3582.
Total: 3.968400 ms (FindLiveObjects: 0.386200 ms CreateObjectMapping: 0.187800 ms MarkObjects: 3.034100 ms  DeleteObjects: 0.358900 ms)

AssetImportWorkerClient::OnTransportError - code=2 error=End of file
